[    0.000000] Linux version 4.15.0-212-generic (buildd@lcy02-amd64-083) (gcc version 7.5.0 (Ubuntu 7.5.0-3ubuntu1~18.04)) #223-Ubuntu SMP Tue May 23 13:09:22 UTC 2023 (Ubuntu 4.15.0-212.223-generic 4.15.18)
[    0.000000] Command line: BOOT_IMAGE=/boot/vmlinuz-4.15.0-212-generic root=LABEL=cloudimg-rootfs ro console=tty1 console=ttyS0
[    0.000000] KERNEL supported cpus:
[    0.000000]   Intel GenuineIntel
[    0.000000]   AMD AuthenticAMD
[    0.000000]   Centaur CentaurHauls
[    0.000000] [Firmware Bug]: TSC doesn't count with P0 frequency!
[    0.000000] x86/fpu: x87 FPU will use FXSAVE
[    0.000000] e820: BIOS-provided physical RAM map:
[    0.000000] BIOS-e820: [mem 0x0000000000000000-0x000000000009fbff] usable
[    0.000000] BIOS-e820: [mem 0x000000000009fc00-0x000000000009ffff] reserved
[    0.000000] BIOS-e820: [mem 0x00000000000f0000-0x00000000000fffff] reserved
[    0.000000] BIOS-e820: [mem 0x0000000000100000-0x000000003ffeffff] usable
[    0.000000] BIOS-e820: [mem 0x000000003fff0000-0x000000003fffffff] ACPI data
[    0.000000] BIOS-e820: [mem 0x00000000fec00000-0x00000000fec00fff] reserved
[    0.000000] BIOS-e820: [mem 0x00000000fee00000-0x00000000fee00fff] reserved
[    0.000000] BIOS-e820: [mem 0x00000000fffc0000-0x00000000ffffffff] reserved
[    0.000000] NX (Execute Disable) protection: active
[    0.000000] SMBIOS 2.5 present.
[    0.000000] DMI: innotek GmbH VirtualBox/VirtualBox, BIOS VirtualBox 12/01/2006
[    0.000000] Hypervisor detected: KVM
[    0.000000] e820: last_pfn = 0x3fff0 max_arch_pfn = 0x400000000
[    0.000000] MTRR: Disabled
[    0.000000] x86/PAT: MTRRs disabled, skipping PAT initialization too.
[    0.000000] CPU MTRRs all blank - virtualized system.
[    0.000000] x86/PAT: Configuration [0-7]: WB  WT  UC- UC  WB  WT  UC- UC  
[    0.000000] found SMP MP-table at [mem 0x0009fff0-0x0009ffff]
[    0.000000] Scanning 1 areas for low memory corruption
[    0.000000] RAMDISK: [mem 0x359cb000-0x36cdcfff]
[    0.000000] ACPI: Early table checksum verification disabled
[    0.000000] ACPI: RSDP 0x00000000000E0000 000024 (v02 VBOX  )
[    0.000000] ACPI: XSDT 0x000000003FFF0030 00003C (v01 VBOX   VBOXXSDT 00000001 ASL  00000061)
[    0.000000] ACPI: FACP 0x000000003FFF00F0 0000F4 (v04 VBOX   VBOXFACP 00000001 ASL  00000061)
[    0.000000] ACPI: DSDT 0x000000003FFF0610 002353 (v02 VBOX   VBOXBIOS 00000002 INTL 20100528)
[    0.000000] ACPI: FACS 0x000000003FFF0200 000040
[    0.000000] ACPI: FACS 0x000000003FFF0200 000040
[    0.000000] ACPI: APIC 0x000000003FFF0240 00005C (v02 VBOX   VBOXAPIC 00000001 ASL  00000061)
[    0.000000] ACPI: SSDT 0x000000003FFF02A0 00036C (v01 VBOX   VBOXCPUT 00000002 INTL 20100528)
[    0.000000] ACPI: Reserving FACP table memory at [mem 0x3fff00f0-0x3fff01e3]
[    0.000000] ACPI: Reserving DSDT table memory at [mem 0x3fff0610-0x3fff2962]
[    0.000000] ACPI: Reserving FACS table memory at [mem 0x3fff0200-0x3fff023f]
[    0.000000] ACPI: Reserving FACS table memory at [mem 0x3fff0200-0x3fff023f]
[    0.000000] ACPI: Reserving APIC table memory at [mem 0x3fff0240-0x3fff029b]
[    0.000000] ACPI: Reserving SSDT table memory at [mem 0x3fff02a0-0x3fff060b]
[    0.000000] No NUMA configuration found
[    0.000000] Faking a node at [mem 0x0000000000000000-0x000000003ffeffff]
[    0.000000] NODE_DATA(0) allocated [mem 0x3ffc5000-0x3ffeffff]
[    0.000000] kvm-clock: cpu 0, msr 0:3ff44001, primary cpu clock
[    0.000000] kvm-clock: Using msrs 4b564d01 and 4b564d00
[    0.000000] kvm-clock: using sched offset of 4637914764 cycles
[    0.000000] clocksource: kvm-clock: mask: 0xffffffffffffffff max_cycles: 0x1cd42e4dffb, max_idle_ns: 881590591483 ns
[    0.000000] Zone ranges:
[    0.000000]   DMA      [mem 0x0000000000001000-0x0000000000ffffff]
[    0.000000]   DMA32    [mem 0x0000000001000000-0x000000003ffeffff]
[    0.000000]   Normal   empty
[    0.000000]   Device   empty
[    0.000000] Movable zone start for each node
[    0.000000] Early memory node ranges
[    0.000000]   node   0: [mem 0x0000000000001000x000000000009efff]
[    0.000000]   node   0: [mem 0x0000000000100000-0x000000003ffeffff]
[    0.000000] Reserved but unavailable: 104 pages
[    0.000000] Initmem setup node 0 [mem 0x0000000000001000-0x000000003ffeffff]
[    0.000000] ACPI: PM-Timer IO Port: 0x4008
[    0.000000] IOAPIC[0]: apic_id 2, version 32, address 0xfec00000, GSI 0-23
[    0.000000] ACPI: INT_SRC_OVR (bus 0 bus_irq 0 global_irq 2 dfl dfl)
[    0.000000] ACPI: INT_SRC_OVR (bus 0 bus_irq 9 global_irq 9 low level)
[    0.000000] Using ACPI (MADT) for SMP configuration information
[    0.000000] smpboot: Allowing 2 CPUs, 0 hotplug CPUs
[    0.000000] PM: Registered nosave memory: [mem 0x00000000-0x00000fff]
[    0.000000] PM: Registered nosave memory: [mem 0x0009f000-0x0009ffff]
[    0.000000] PM: Registered nosave memory: [mem 0x000a0000-0x000effff]
[    0.000000] PM: Registered nosave memory: [mem 0x000f0000-0x000fffff]
[    0.000000] e820: [mem 0x40000000-0xfebfffff] available for PCI devices
[    0.000000] Booting paravirtualized kernel on KVM
[    0.000000] clocksource: refined-jiffies: mask: 0xffffffff max_cycles: 0xffffffff, max_idle_ns: 7645519600211568 ns
[    0.000000] setup_percpu: NR_CPUS:8192 nr_cpumask_bits:2 nr_cpu_ids:2 nr_node_ids:1
[    0.000000] percpu: Embedded 50 pages/cpu s167936 r8192 d28672 u1048576
[    0.000000] PV qspinlock hash table entries: 256 (order: 0, 4096 bytes)
[    0.000000] Built 1 zonelists, mobility grouping on.  Total pages: 257913
[    0.000000] Policy zone: DMA32
[    0.000000] Kernel command line: BOOT_IMAGE=/boot/vmlinuz-4.15.0-212-generic root=LABEL=cloudimg-rootfs ro console=tty1 console=ttyS0
[    0.000000] Memory: 982644K/1048120K available (12300K kernel code, 2477K rwdata, 4324K rodata, 2480K init, 2720K bss, 65476K reserved, 0K cma-reserved)
[    0.000000] SLUB: HWalign=64, Order=0-3, MinObjects=0, CPUs=2, Nodes=1
[    0.000000] ftrace: allocating 39508 entries in 155 pages
[    0.004000] Hierarchical RCU implementation.
[    0.004000] 	RCU restricting CPUs from NR_CPUS=8192 to nr_cpu_ids=2.
[    0.004000] 	Tasks RCU enabled.
[    0.004000] RCU: Adjusting geometry for rcu_fanout_leaf=16, nr_cpu_ids=2
[    0.004000] NR_IRQS: 524544, nr_irqs: 440, preallocated irqs: 16
[    0.004000] random: crng init done
[    0.004000] Console: colour VGA+ 80x25
[    0.004000] console [tty1] enabled
[    0.004000] console [ttyS0] enabled
[    0.004000] ACPI: Core revision 20170831
[    0.004000] ACPI: 2 ACPI AML tables successfully acquired and loaded
[    0.004000] APIC: Switch to symmetric I/O mode setup
[    0.004000] ..TIMER: vector=0x30 apic1=0 pin1=2 apic2=-1 pin2=-1
[    0.004000] tsc: Detected 3293.704 MHz processor
[    0.004000] Calibrating delay loop (skipped) preset value.. 6587.40 BogoMIPS (lpj=13174816)
[    0.004000] pid_max: default: 32768 minimum: 301
[    0.004000] Security Framework initialized
[    0.004010] Yama: becoming mindful.
[    0.008142] AppArmor: AppArmor initialized
[    0.020559] Dentry cache hash table entries: 131072 (order: 8, 1048576 bytes)
[    0.026707] Inode-cache hash table entries: 65536 (order: 7, 524288 bytes)
[    0.028191] Mount-cache hash table entries: 2048 (order: 2, 16384 bytes)
[    0.032157] Mountpoint-cache hash table entries: 2048 (order: 2, 16384 bytes)
[    0.040816] Last level iTLB entries: 4KB 1024, 2MB 1024, 4MB 512
[    0.044010] Last level dTLB entries: 4KB 2048, 2MB 2048, 4MB 1024, 1GB 0
[    0.052008] Spectre V1 : Mitigation: usercopy/swapgs barriers and __user pointer sanitization
[    0.056009] Spectre V2 : Mitigation: Retpolines
[    0.060007] Spectre V2 : Spectre v2 / SpectreRSB mitigation: Filling RSB on context switch
[    0.064007] Spectre V2 : Spectre v2 / SpectreRSB : Filling RSB on VMEXIT
[    0.068009] RETBleed: Vulnerable
[    0.072239] Freeing SMP alternatives memory: 36K
[    0.193633] smpboot: CPU0: AMD Ryzen 5 PRO 4650GE with Radeon Graphics (family: 0x17, model: 0x60, stepping: 0x1)
[    0.200083] Performance Events: PMU not available due to virtualization, using software events only.
[    0.204279] Hierarchical SRCU implementation.
[    0.209086] NMI watchdog: Perf event create on CPU 0 failed with -2
[    0.212009] NMI watchdog: Perf NMI watchdog permanently disabled
[    0.216455] smp: Bringing up secondary CPUs ...
[    0.221174] x86: Booting SMP configuration:
[    0.228009] .... node  #0, CPUs:      #1
[    0.004000] kvm-clock: cpu 1, msr 0:3ff44041, secondary cpu clock
[    0.240000] TSC synchronization [CPU#0 -> CPU#1]:
[    0.240000] Measured 89974 cycles TSC warp between CPUs, turning off TSC clock.
[    0.240000] tsc: Marking TSC unstable due to check_tsc_sync_source failed
[    0.244318] smp: Brought up 1 node, 2 CPUs
[    0.248014] smpboot: Max logical packages: 1
[    0.252013] smpboot: Total of 2 processors activated (13174.81 BogoMIPS)
[    0.260200] devtmpfs: initialized
[    0.264691] x86/mm: Memory block size: 128MB
[    0.272524] evm: security.selinux
[    0.276004] evm: security.SMACK64
[    0.284007] evm: security.SMACK64EXEC
[    0.288010] evm: security.SMACK64TRANSMUTE
[    0.296009] evm: security.SMACK64MMAP
[    0.300009] evm: security.apparmor
[    0.308006] evm: security.ima
[    0.312003] evm: security.capability
[    0.316519] clocksource: jiffies: mask: 0xffffffff max_cycles: 0xffffffff, max_idle_ns: 7645041785100000 ns
[    0.320033] futex hash table entries: 512 (order: 3, 32768 bytes)
[    0.324298] pinctrl core: initialized pinctrl subsystem
[    0.328781] RTC time: 20:57:52, date: 12/01/23
[    0.337442] NET: Registered protocol family 16
[    0.344022] audit: initializing netlink subsys (disabled)
[    0.348367] audit: type=2000 audit(1701464276.946:1): state=initialized audit_enabled=0 res=1
[    0.364359] cpuidle: using governor ladder
[    0.372366] cpuidle: using governor menu
[    0.380204] ACPI: bus type PCI registered
[    0.384006] acpiphp: ACPI Hot Plug PCI Controller Driver version: 0.5
[    0.388730] PCI: Using configuration type 1 for base access
[    0.392005] PCI: Using configuration type 1 for extended access
[    0.400630] HugeTLB registered 2.00 MiB page size, pre-allocated 0 pages
[    0.408418] ACPI: Added _OSI(Module Device)
[    0.412151] ACPI: Added _OSI(Processor Device)
[    0.416013] ACPI: Added _OSI(3.0 _SCP Extensions)
[    0.420013] ACPI: Added _OSI(Processor Aggregator Device)
[    0.424014] ACPI: Added _OSI(Linux-Dell-Video)
[    0.428013] ACPI: Added _OSI(Linux-Lenovo-NV-HDMI-Audio)
[    0.432013] ACPI: Added _OSI(Linux-HPI-Hybrid-Graphics)
[    0.437144] ACPI: Executed 1 blocks of module-level executable AML code
[    0.445636] ACPI: Interpreter enabled
[    0.448033] ACPI: (supports S0 S5)
[    0.452009] ACPI: Using IOAPIC for interrupt routing
[    0.456593] PCI: Using host bridge windows from ACPI; if necessary, use "pci=nocrs" and report a bug
[    0.460366] ACPI: Enabled 2 GPEs in block 00 to 07
[    0.481026] ACPI: PCI Root Bridge [PCI0] (domain 0000 [bus 00-ff])
[    0.484023] acpi PNP0A03:00: _OSC: OS supports [ExtendedConfig ASPM ClockPM Segments MSI]
[    0.492643] acpi PNP0A03:00: _OSC: platform does not support [PCIeCapability]
[    0.500700] acpi PNP0A03:00: _OSC: not requesting control; platform does not support [PCIeCapability]
[    0.504015] acpi PNP0A03:00: _OSC: OS requested [PCIeHotplug PME AER PCIeCapability]
[    0.508011] acpi PNP0A03:00: _OSC: platform willing to grant [PCIeHotplug PME AER]
[    0.512014] acpi PNP0A03:00: _OSC failed (AE_SUPPORT); disabling ASPM
[    0.521062] PCI host bridge to bus 0000:00
[    0.524020] pci_bus 0000:00: root bus resource [io  0x0000-0x0cf7 window]
[    0.528016] pci_bus 0000:00: root bus resource [io  0x0d00-0xffff window]
[    0.532013] pci_bus 0000:00: root bus resource [mem 0x000a0000-0x000bffff window]
[    0.536013] pci_bus 0000:00: root bus resource [mem 0x40000000-0xfdffffff window]
[    0.540015] pci_bus 0000:00: root bus resource [bus 00-ff]
[    0.555701] pci 0000:00:01.1: legacy IDE quirk: reg 0x10: [io  0x01f0-0x01f7]
[    0.556014] pci 0000:00:01.1: legacy IDE quirk: reg 0x14: [io  0x03f6]
[    0.560009] pci 0000:00:01.1: legacy IDE quirk: reg 0x18: [io  0x0170-0x0177]
[    0.564005] pci 0000:00:01.1: legacy IDE quirk: reg 0x1c: [io  0x0376]
[    0.591287] pci 0000:00:07.0: quirk: [io  0x4000-0x403f] claimed by PIIX4 ACPI
[    0.592066] pci 0000:00:07.0: quirk: [io  0x4100-0x410f] claimed by PIIX4 SMB
[    0.616429] ACPI: PCI Interrupt Link [LNKA] (IRQs 5 9 10 *11)
[    0.620789] ACPI: PCI Interrupt Link [LNKB] (IRQs 5 9 *10 11)
[    0.624324] ACPI: PCI Interrupt Link [LNKC] (IRQs 5 *9 10 11)
[    0.628327] ACPI: PCI Interrupt Link [LNKD] (IRQs 5 9 10 *11)
[    0.633144] SCSI subsystem initialized
[    0.636252] pci 0000:00:02.0: vgaarb: setting as boot VGA device
[    0.640000] pci 0000:00:02.0: vgaarb: VGA device added: decodes=io+mem,owns=io+mem,locks=none
[    0.640021] pci 0000:00:02.0: vgaarb: bridge control possible
[    0.644015] vgaarb: loaded
[    0.648159] ACPI: bus type USB registered
[    0.652050] usbcore: registered new interface driver usbfs
[    0.656087] usbcore: registered new interface driver hub
[    0.660045] usbcore: registered new device driver usb
[    0.664318] EDAC MC: Ver: 3.0.0
[    0.672378] PCI: Using ACPI for IRQ routing
[    0.681102] NetLabel: Initializing
[    0.684014] NetLabel:  domain hash size = 128
[    0.692008] NetLabel:  protocols = UNLABELED CIPSOv4 CALIPSO
[    0.700134] NetLabel:  unlabeled traffic allowed by default
[    0.708518] clocksource: Switched to clocksource kvm-clock
[    0.742461] VFS: Disk quotas dquot_6.6.0
[    0.742461] VFS: Dquot-cache hash table entries: 512 (order 0, 4096 bytes)
[    0.742461] AppArmor: AppArmor Filesystem Enabled
[    0.742461] pnp: PnP ACPI init
[    0.742461] pnp: PnP ACPI: found 3 devices
[    0.838433] clocksource: acpi_pm: mask: 0xffffff max_cycles: 0xffffff, max_idle_ns: 2085701024 ns
[    0.840222] NET: Registered protocol family 2
[    0.840222] IP idents hash table entries: 16384 (order: 5, 131072 bytes)
[    0.860336] TCP established hash table entries: 8192 (order: 4, 65536 bytes)
[    0.866818] TCP bind hash table entries: 8192 (order: 5, 131072 bytes)
[    0.870484] TCP: Hash tables configured (established 8192 bind 8192)
[    0.870484] UDP hash table entries: 512 (order: 2, 16384 bytes)
[    0.870484] UDP-Lite hash table entries: 512 (order: 2, 16384 bytes)
[    0.870484] NET: Registered protocol family 1
[    0.870484] pci 0000:00:00.0: Limiting direct PCI/PCI transfers
[    0.870484] pci 0000:00:01.0: Activating ISA DMA hang workarounds
[    0.870484] pci 0000:00:02.0: Video device with shadowed ROM at [mem 0x000c0000-0x000dffff]
[    0.870484] Unpacking initramfs...
[    1.528863] Freeing initrd memory: 19528K
[    1.533685] clocksource: tsc: mask: 0xffffffffffffffff max_cycles: 0x2f7a10d5a25, max_idle_ns: 440795294979 ns
[    1.543955] platform rtc_cmos: registered platform RTC device (no PNP device found)
[    1.551437] Scanning for low memory corruption every 60 seconds
[    1.559975] Initialise system trusted keyrings
[    1.564328] Key type blacklist registered
[    1.569191] workingset: timestamp_bits=36 max_order=18 bucket_order=0
[    1.580164] zbud: loaded
[    1.585079] squashfs: version 4.0 (2009/01/31) Phillip Lougher
[    1.594352] fuse init (API version 7.26)
[    1.639798] Key type asymmetric registered
[    1.645224] Asymmetric key parser 'x509' registered
[    1.650424] Block layer SCSI generic (bsg) driver version 0.4 loaded (major 246)
[    1.659996] io scheduler noop registered
[    1.664999] io scheduler deadline registered
[    1.670302] io scheduler cfq registered (default)
[    1.676884] ACPI: AC Adapter [AC] (on-line)
[    1.682586] input: Power Button as /devices/LNXSYSTM:00/LNXPWRBN:00/input/input0
[    1.692409] ACPI: Power Button [PWRF]
[    1.696972] input: Sleep Button as /devices/LNXSYSTM:00/LNXSLPBN:00/input/input1
[    1.704110] ACPI: Sleep Button [SLPF]
[    1.711550] Serial: 8250/16550 driver, 32 ports, IRQ sharing enabled
[    1.744829] 00:02: ttyS0 at I/O 0x3f8 (irq = 4, base_baud = 115200) is a 16550A
[    1.773206] Linux agpgart interface v0.103
[    1.792048] loop: module loaded
[    1.799547] scsi host0: ata_piix
[    1.804801] scsi host1: ata_piix
[    1.808025] ata1: PATA max UDMA/33 cmd 0x1f0 ctl 0x3f6 bmdma 0xd000 irq 14
[    1.814939] ata2: PATA max UDMA/33 cmd 0x170 ctl 0x376 bmdma 0xd008 irq 15
[    1.824645] tun: Universal TUN/TAP device driver, 1.6
[    1.857805] PPP generic driver version 2.4.2
[    1.863535] ehci_hcd: USB 2.0 'Enhanced' Host Controller (EHCI) Driver
[    1.871291] ehci-pci: EHCI PCI platform driver
[    1.876045] ehci-platform: EHCI generic platform driver
[    1.881020] ohci_hcd: USB 1.1 'Open' Host Controller (OHCI) Driver
[    1.886801] ohci-pci: OHCI PCI platform driver
[    1.890687] ohci-platform: OHCI generic platform driver
[    1.896310] uhci_hcd: USB Universal Host Controller Interface driver
[    1.903447] i8042: PNP: PS/2 Controller [PNP0303:PS2K,PNP0f03:PS2M] at 0x60,0x64 irq 1,12
[    1.917565] serio: i8042 KBD port at 0x60,0x64 irq 1
[    1.922784] serio: i8042 AUX port at 0x60,0x64 irq 12
[    1.929282] mousedev: PS/2 mouse device common for all mice
[    1.939913] input: AT Translated Set 2 keyboard as /devices/platform/i8042/serio0/input/input2
[    1.941941] rtc_cmos rtc_cmos: rtc core: registered rtc_cmos as rtc0
[    1.957235] rtc_cmos rtc_cmos: alarms up to one day, 114 bytes nvram
[    1.964166] i2c /dev entries driver
[    1.968850] device-mapper: uevent: version 1.0.3
[    1.975129] device-mapper: ioctl: 4.37.0-ioctl (2017-09-20) initialised: dm-devel@redhat.com
[    2.011701] ledtrig-cpu: registered to indicate activity on CPUs
[    2.045019] NET: Registered protocol family 10
[    2.058674] Segment Routing with IPv6
[    2.064032] NET: Registered protocol family 17
[    2.070503] Key type dns_resolver registered
[    2.075258] mce: Using 0 MCE banks
[    2.078610] RAS: Correctable Errors collector initialized.
[    2.083488] sched_clock: Marking stable (2083423812, 0)->(3474868775, -1391444963)
[    2.093906] registered taskstats version 1
[    2.097764] Loading compiled-in X.509 certificates
[    2.108334] Loaded X.509 cert 'Build time autogenerated kernel key: b5b26778eaa3ab3a4a6cee031137706e947d12ad'
[    2.119383] Loaded X.509 cert 'Canonical Ltd. Live Patch Signing: 14df34d1a87cf37625abec039ef2bf521249b969'
[    2.129066] Loaded X.509 cert 'Canonical Ltd. Kernel Module Signing: 88f752e560a1e0737e31163a466ad7b70a850c19'
[    2.139049] blacklist: Loading compiled-in revocation X.509 certificates
[    2.145774] Loaded X.509 cert 'Canonical Ltd. Secure Boot Signing: 61482aa2830d0ab2ad5af10b7250da9033ddcef0'
[    2.155427] Loaded X.509 cert 'Canonical Ltd. Secure Boot Signing (2017): 242ade75ac4a15e50d50c84b0d45ff3eae707a03'
[    2.165546] Loaded X.509 cert 'Canonical Ltd. Secure Boot Signing (ESM 2018): 365188c1d374d6b07c3c8f240f8ef722433d6a8b'
[    2.177649] Loaded X.509 cert 'Canonical Ltd. Secure Boot Signing (2019): c0746fd6c5da3ae827864651ad66ae47fe24b3e8'
[    2.189421] Loaded X.509 cert 'Canonical Ltd. Secure Boot Signing (2021 v1): a8d54bbb3825cfb94fa13c9f8a594a195c107b8d'
[    2.201040] Loaded X.509 cert 'Canonical Ltd. Secure Boot Signing (2021 v2): 4cf046892d6fd3c9a5b03f98d845f90851dc6a8c'
[    2.211578] Loaded X.509 cert 'Canonical Ltd. Secure Boot Signing (2021 v3): 100437bb6de6e469b581e61cd66bce3ef4ed53af'
[    2.222235] Loaded X.509 cert 'Canonical Ltd. Secure Boot Signing (Ubuntu Core 2019): c1d57b8f6b743f23ee41f4f7ee292f06eecadfb9'
[    2.234176] zswap: loaded using pool lzo/zbud
[    2.252203] Key type big_key registered
[    2.257152] Key type trusted registered
[    2.266585] Key type encrypted registered
[    2.271484] AppArmor: AppArmor sha1 policy hashing enabled
[    2.277843] ima: No TPM chip found, activating TPM-bypass! (rc=-19)
[    2.284902] ima: Allocated hash algorithm: sha1
[    2.290086] evm: HMAC attrs: 0x1
[    2.295030]   Magic number: 3:676:1002
[    2.299855] rtc_cmos rtc_cmos: setting system clock to 2023-12-01 20:57:54 UTC (1701464274)
[    2.310766] BIOS EDD facility v0.16 2004-Jun-25, 0 devices found
[    2.316658] EDD information not available.
[    2.323901] Freeing unused kernel image memory: 2480K
[    2.353557] Write protecting the kernel read-only data: 20480k
[    2.360965] Freeing unused kernel image memory: 2008K
[    2.366921] Freeing unused kernel image memory: 1820K
[    2.377982] x86/mm: Checked W+X mappings: passed, no W+X pages found.
Loading, please wait...
starting version 237
[    2.504646] Fusion MPT base driver 3.04.20
[    2.510424] Copyright (c) 1999-2008 LSI Corporation
[    2.539622] e1000: Intel(R) PRO/1000 Network Driver - version 7.3.21-k8-NAPI
[    2.548485] e1000: Copyright (c) 1999-2006 Intel Corporation.
[    2.561600] SSE version of gcm_enc/dec engaged.
[    2.578066] Fusion MPT SPI Host driver 3.04.20
[    2.787127] input: ImExPS/2 Generic Explorer Mouse as /devices/platform/i8042/serio1/input/input4
[    3.327930] e1000 0000:00:03.0 eth0: (PCI:33MHz:32-bit) 02:3b:7b:b7:3b:2d
[    3.335062] e1000 0000:00:03.0 eth0: Intel(R) PRO/1000 Network Connection
[    3.349520] mptbase: ioc0: Initiating bringup
[    3.462341] ioc0: LSI53C1030 A0: Capabilities={Initiator}
[    3.723748] scsi host2: ioc0: LSI53C1030 A0, FwRev=00000000h, Ports=1, MaxQ=256, IRQ=20
[    3.902181] scsi 2:0:0:0: Direct-Access     VBOX     HARDDISK         1.0  PQ: 0 ANSI: 5
[    3.947749] scsi target2:0:0: Beginning Domain Validation
[    3.962197] scsi target2:0:0: Domain Validation skipping write tests
[    3.969757] scsi target2:0:0: Ending Domain Validation
[    3.977234] scsi target2:0:0: asynchronous
[    3.990772] scsi 2:0:1:0: Direct-Access     VBOX     HARDDISK         1.0  PQ: 0 ANSI: 5
[    4.344643] scsi target2:0:1: Beginning Domain Validation
[    4.366287] scsi target2:0:1: Domain Validation skipping write tests
[    4.372636] scsi target2:0:1: Ending Domain Validation
[    4.378289] scsi target2:0:1: asynchronous
[    4.404753] sd 2:0:0:0: Attached scsi generic sg0 type 0
[    4.412892] sd 2:0:0:0: [sda] 83886080 512-byte logical blocks: (42.9 GB/40.0 GiB)
[    4.422813] sd 2:0:1:0: Attached scsi generic sg1 type 0
[    4.428863] sd 2:0:0:0: [sda] Write Protect is off
[    4.433876] sd 2:0:1:0: [sdb] 20480 512-byte logical blocks: (10.5 MB/10.0 MiB)
[    4.442506] sd 2:0:1:0: [sdb] Write Protect is off
[    4.448629] sd 2:0:0:0: [sda] Incomplete mode parameter data
[    4.455256] sd 2:0:0:0: [sda] Assuming drive cache: write through
[    4.463611] sd 2:0:1:0: [sdb] Incomplete mode parameter data
[    4.469354] sd 2:0:1:0: [sdb] Assuming drive cache: write through
[    4.487172]  sda: sda1
[    4.495224] sd 2:0:0:0: [sda] Attached SCSI disk
[    4.503214] sd 2:0:1:0: [sdb] Attached SCSI disk
[    4.721940] e1000 0000:00:08.0 eth1: (PCI:33MHz:32-bit) 08:00:27:6f:6a:91
[    4.730405] e1000 0000:00:08.0 eth1: Intel(R) PRO/1000 Network Connection
[    5.439972] e1000 0000:00:09.0 eth2: (PCI:33MHz:32-bit) 08:00:27:f3:03:d2
[    5.448909] e1000 0000:00:09.0 eth2: Intel(R) PRO/1000 Network Connection
[    5.458871] e1000 0000:00:03.0 enp0s3: renamed from eth0
[    5.481669] e1000 0000:00:08.0 enp0s8: renamed from eth1
[    5.546052] e1000 0000:00:09.0 enp0s9: renamed from eth2
Begin: Loading essential drivers ... 